e:\embeded\ucos_study_vs\evalboards\microsoft\windows\os3\visual studio\debug\vc120.pdb
e:\embeded\ucos_study_vs\evalboards\microsoft\windows\os3\visual studio\debug\vc120.idb
e:\embeded\ucos_study_vs\evalboards\microsoft\windows\os3\visual studio\debug\os_flag.obj
e:\embeded\ucos_study_vs\evalboards\microsoft\windows\os3\visual studio\debug\os_int.obj
e:\embeded\ucos_study_vs\evalboards\microsoft\windows\os3\visual studio\debug\os_mem.obj
e:\embeded\ucos_study_vs\evalboards\microsoft\windows\os3\visual studio\debug\os_msg.obj
e:\embeded\ucos_study_vs\evalboards\microsoft\windows\os3\visual studio\debug\os_mutex.obj
e:\embeded\ucos_study_vs\evalboards\microsoft\windows\os3\visual studio\debug\os_pend_multi.obj
e:\embeded\ucos_study_vs\evalboards\microsoft\windows\os3\visual studio\debug\os_prio.obj
e:\embeded\ucos_study_vs\evalboards\microsoft\windows\os3\visual studio\debug\os_q.obj
e:\embeded\ucos_study_vs\evalboards\microsoft\windows\os3\visual studio\debug\os_sem.obj
e:\embeded\ucos_study_vs\evalboards\microsoft\windows\os3\visual studio\debug\os_stat.obj
e:\embeded\ucos_study_vs\evalboards\microsoft\windows\os3\visual studio\debug\os_task.obj
e:\embeded\ucos_study_vs\evalboards\microsoft\windows\os3\visual studio\debug\os_tick.obj
e:\embeded\ucos_study_vs\evalboards\microsoft\windows\os3\visual studio\debug\os_time.obj
e:\embeded\ucos_study_vs\evalboards\microsoft\windows\os3\visual studio\debug\os_tmr.obj
e:\embeded\ucos_study_vs\evalboards\microsoft\windows\os3\visual studio\debug\os_var.obj
e:\embeded\ucos_study_vs\evalboards\microsoft\windows\os3\visual studio\debug\bsp.obj
e:\embeded\ucos_study_vs\evalboards\microsoft\windows\os3\visual studio\debug\cpu_bsp.obj
e:\embeded\ucos_study_vs\evalboards\microsoft\windows\os3\visual studio\debug\pc.obj
e:\embeded\ucos_study_vs\evalboards\microsoft\windows\os3\visual studio\debug\os_app_hooks.obj
e:\embeded\ucos_study_vs\evalboards\microsoft\windows\os3\visual studio\debug\cpu_core.obj
e:\embeded\ucos_study_vs\evalboards\microsoft\windows\os3\visual studio\debug\cpu_c.obj
e:\embeded\ucos_study_vs\evalboards\microsoft\windows\os3\visual studio\debug\lib_ascii.obj
e:\embeded\ucos_study_vs\evalboards\microsoft\windows\os3\visual studio\debug\lib_math.obj
e:\embeded\ucos_study_vs\evalboards\microsoft\windows\os3\visual studio\debug\lib_mem.obj
e:\embeded\ucos_study_vs\evalboards\microsoft\windows\os3\visual studio\debug\lib_str.obj
e:\embeded\ucos_study_vs\evalboards\microsoft\windows\os3\visual studio\debug\os_cpu_c.obj
e:\embeded\ucos_study_vs\evalboards\microsoft\windows\os3\visual studio\debug\os_cfg_app.obj
e:\embeded\ucos_study_vs\evalboards\microsoft\windows\os3\visual studio\debug\os_core.obj
e:\embeded\ucos_study_vs\evalboards\microsoft\windows\os3\visual studio\debug\os_dbg.obj
e:\embeded\ucos_study_vs\evalboards\microsoft\windows\os3\visual studio\debug\app.obj
e:\embeded\ucos_study_vs\evalboards\microsoft\windows\os3\visual studio\debug\os3.pdb
e:\embeded\ucos_study_vs\evalboards\microsoft\windows\os3\visual studio\debug\os3.tlog\cl.command.1.tlog
e:\embeded\ucos_study_vs\evalboards\microsoft\windows\os3\visual studio\debug\os3.tlog\cl.read.1.tlog
e:\embeded\ucos_study_vs\evalboards\microsoft\windows\os3\visual studio\debug\os3.tlog\cl.write.1.tlog
e:\embeded\ucos_study_vs\evalboards\microsoft\windows\os3\visual studio\debug\os3.tlog\link.command.1.tlog
e:\embeded\ucos_study_vs\evalboards\microsoft\windows\os3\visual studio\debug\os3.tlog\link.read.1.tlog
e:\embeded\ucos_study_vs\evalboards\microsoft\windows\os3\visual studio\debug\os3.tlog\link.write.1.tlog
