生成启动时间为 2015/10/25 22:21:15。
     1>项目“E:\embeded\ucOS_study_vs\Evalboards\Microsoft\Windows\OS3\Visual Studio\OS3.vcxproj”在节点 2 上(Build 个目标)。
     1>ClCompile:
         C:\Program Files (x86)\Microsoft Visual Studio 12.0\VC\bin\CL.exe /c /I..\..\PC\BC45 /I..\ /I..\..\BSP /I..\..\BSP\CPU /I"..\..\..\..\..\uC-CPU" /I"..\..\..\..\..\uC-CPU\Win32\Visual Studio" /I"..\..\..\..\..\uC-LIB" /I"..\..\..\..\..\uCOS-III\Source" /I"..\..\..\..\..\uCOS-III\Ports\Win32\Visual Studio" /ZI /nologo /W0 /WX- /sdl- /Od /Oy- /D _MBCS /Gm /EHsc /RTC1 /MDd /GS /fp:precise /Zc:wchar_t /Zc:forScope /Fo"Debug\\" /Fd"Debug\vc120.pdb" /Gd /TP /analyze- /errorReport:prompt ..\app.cpp
         app.cpp
       Link:
         C:\Program Files (x86)\Microsoft Visual Studio 12.0\VC\bin\link.exe /ERRORREPORT:PROMPT /OUT:"E:\embeded\ucOS_study_vs\Evalboards\Microsoft\Windows\OS3\Visual Studio\Debug\OS3.exe" /INCREMENTAL /NOLOGO kernel32.lib user32.lib gdi32.lib winspool.lib comdlg32.lib advapi32.lib shell32.lib ole32.lib oleaut32.lib uuid.lib odbc32.lib odbccp32.lib /MANIFEST /MANIFESTUAC:"level='asInvoker' uiAccess='false'" /manifest:embed /DEBUG /PDB:"E:\embeded\ucOS_study_vs\Evalboards\Microsoft\Windows\OS3\Visual Studio\Debug\OS3.pdb" /TLBID:1 /DYNAMICBASE /NXCOMPAT /IMPLIB:"E:\embeded\ucOS_study_vs\Evalboards\Microsoft\Windows\OS3\Visual Studio\Debug\OS3.lib" /MACHINE:X86 Debug\cpu_core.obj
         Debug\cpu_c.obj
         Debug\lib_ascii.obj
         Debug\lib_math.obj
         Debug\lib_mem.obj
         Debug\lib_str.obj
         Debug\os_cpu_c.obj
         Debug\os_cfg_app.obj
         Debug\os_core.obj
         Debug\os_dbg.obj
         Debug\os_flag.obj
         Debug\os_int.obj
         Debug\os_mem.obj
         Debug\os_msg.obj
         Debug\os_mutex.obj
         Debug\os_pend_multi.obj
         Debug\os_prio.obj
         Debug\os_q.obj
         Debug\os_sem.obj
         Debug\os_stat.obj
         Debug\os_task.obj
         Debug\os_tick.obj
         Debug\os_time.obj
         Debug\os_tmr.obj
         Debug\os_var.obj
         Debug\bsp.obj
         Debug\cpu_bsp.obj
         Debug\PC.obj
         Debug\app.obj
         Debug\os_app_hooks.obj
         OS3.vcxproj -> E:\embeded\ucOS_study_vs\Evalboards\Microsoft\Windows\OS3\Visual Studio\Debug\OS3.exe
     1>已完成生成项目“E:\embeded\ucOS_study_vs\Evalboards\Microsoft\Windows\OS3\Visual Studio\OS3.vcxproj”(Build 个目标)的操作。

生成成功。

已用时间 00:00:02.62
